[0.530s] Invoking command in '/home/k13tran/Work/ros2_ws/src/py_pubsub': PYTHONPATH=/home/k13tran/Work/ros2_ws/install/py_pubsub/lib/python3.8/site-packages:${PYTHONPATH} /usr/bin/python3 setup.py egg_info --egg-base ../../build/py_pubsub build --build-base /home/k13tran/Work/ros2_ws/build/py_pubsub/build install --prefix /home/k13tran/Work/ros2_ws/install/py_pubsub --record /home/k13tran/Work/ros2_ws/build/py_pubsub/install.log --single-version-externally-managed
[0.694s] running egg_info
[0.694s] creating ../../build/py_pubsub/py_pubsub.egg-info
[0.694s] writing ../../build/py_pubsub/py_pubsub.egg-info/PKG-INFO
[0.695s] writing dependency_links to ../../build/py_pubsub/py_pubsub.egg-info/dependency_links.txt
[0.695s] writing entry points to ../../build/py_pubsub/py_pubsub.egg-info/entry_points.txt
[0.695s] writing requirements to ../../build/py_pubsub/py_pubsub.egg-info/requires.txt
[0.695s] writing top-level names to ../../build/py_pubsub/py_pubsub.egg-info/top_level.txt
[0.709s] writing manifest file '../../build/py_pubsub/py_pubsub.egg-info/SOURCES.txt'
[0.735s] reading manifest file '../../build/py_pubsub/py_pubsub.egg-info/SOURCES.txt'
[0.735s] writing manifest file '../../build/py_pubsub/py_pubsub.egg-info/SOURCES.txt'
[0.735s] running build
[0.735s] running build_py
[0.736s] creating /home/k13tran/Work/ros2_ws/build/py_pubsub/build
[0.736s] creating /home/k13tran/Work/ros2_ws/build/py_pubsub/build/lib
[0.736s] creating /home/k13tran/Work/ros2_ws/build/py_pubsub/build/lib/py_pubsub
[0.736s] copying py_pubsub/publisher_member_function.py -> /home/k13tran/Work/ros2_ws/build/py_pubsub/build/lib/py_pubsub
[0.736s] copying py_pubsub/subscriber_member_function.py -> /home/k13tran/Work/ros2_ws/build/py_pubsub/build/lib/py_pubsub
[0.737s] copying py_pubsub/__init__.py -> /home/k13tran/Work/ros2_ws/build/py_pubsub/build/lib/py_pubsub
[0.737s] copying py_pubsub/gui_pub.py -> /home/k13tran/Work/ros2_ws/build/py_pubsub/build/lib/py_pubsub
[0.737s] running install
[0.737s] running install_lib
[0.738s] creating /home/k13tran/Work/ros2_ws/install/py_pubsub/lib/python3.8/site-packages/py_pubsub
[0.738s] copying /home/k13tran/Work/ros2_ws/build/py_pubsub/build/lib/py_pubsub/publisher_member_function.py -> /home/k13tran/Work/ros2_ws/install/py_pubsub/lib/python3.8/site-packages/py_pubsub
[0.738s] copying /home/k13tran/Work/ros2_ws/build/py_pubsub/build/lib/py_pubsub/subscriber_member_function.py -> /home/k13tran/Work/ros2_ws/install/py_pubsub/lib/python3.8/site-packages/py_pubsub
[0.739s] copying /home/k13tran/Work/ros2_ws/build/py_pubsub/build/lib/py_pubsub/__init__.py -> /home/k13tran/Work/ros2_ws/install/py_pubsub/lib/python3.8/site-packages/py_pubsub
[0.739s] copying /home/k13tran/Work/ros2_ws/build/py_pubsub/build/lib/py_pubsub/gui_pub.py -> /home/k13tran/Work/ros2_ws/install/py_pubsub/lib/python3.8/site-packages/py_pubsub
[0.739s] byte-compiling /home/k13tran/Work/ros2_ws/install/py_pubsub/lib/python3.8/site-packages/py_pubsub/publisher_member_function.py to publisher_member_function.cpython-38.pyc
[0.740s] byte-compiling /home/k13tran/Work/ros2_ws/install/py_pubsub/lib/python3.8/site-packages/py_pubsub/subscriber_member_function.py to subscriber_member_function.cpython-38.pyc
[0.740s] byte-compiling /home/k13tran/Work/ros2_ws/install/py_pubsub/lib/python3.8/site-packages/py_pubsub/__init__.py to __init__.cpython-38.pyc
[0.741s] byte-compiling /home/k13tran/Work/ros2_ws/install/py_pubsub/lib/python3.8/site-packages/py_pubsub/gui_pub.py to gui_pub.cpython-38.pyc
[0.741s] running install_data
[0.741s] creating /home/k13tran/Work/ros2_ws/install/py_pubsub/share/ament_index
[0.741s] creating /home/k13tran/Work/ros2_ws/install/py_pubsub/share/ament_index/resource_index
[0.741s] creating /home/k13tran/Work/ros2_ws/install/py_pubsub/share/ament_index/resource_index/packages
[0.741s] copying resource/py_pubsub -> /home/k13tran/Work/ros2_ws/install/py_pubsub/share/ament_index/resource_index/packages
[0.742s] copying package.xml -> /home/k13tran/Work/ros2_ws/install/py_pubsub/share/py_pubsub
[0.742s] running install_egg_info
[0.743s] Copying ../../build/py_pubsub/py_pubsub.egg-info to /home/k13tran/Work/ros2_ws/install/py_pubsub/lib/python3.8/site-packages/py_pubsub-0.0.0-py3.8.egg-info
[0.743s] running install_scripts
[0.757s] writing list of installed files to '/home/k13tran/Work/ros2_ws/build/py_pubsub/install.log'
[0.773s] Invoked command in '/home/k13tran/Work/ros2_ws/src/py_pubsub' returned '0': PYTHONPATH=/home/k13tran/Work/ros2_ws/install/py_pubsub/lib/python3.8/site-packages:${PYTHONPATH} /usr/bin/python3 setup.py egg_info --egg-base ../../build/py_pubsub build --build-base /home/k13tran/Work/ros2_ws/build/py_pubsub/build install --prefix /home/k13tran/Work/ros2_ws/install/py_pubsub --record /home/k13tran/Work/ros2_ws/build/py_pubsub/install.log --single-version-externally-managed
